# JRE version: Java(TM) SE Runtime Environment (10.0.2+13) (build 10.0.2+13)
# Java VM: Java HotSpot(TM) 64-Bit Server VM (10.0.2+13, mixed mode, tiered, compressed oops, g1 gc, windows-amd64)
Heap:
 garbage-first heap   total 110592K, used 25575K [0x00000000c3200000, 0x0000000100000000)
  region size 1024K, 6 young (6144K), 6 survivors (6144K)
 Metaspace       used 47578K, capacity 48645K, committed 48844K, reserved 1097728K
  class space    used 5884K, capacity 6343K, committed 6348K, reserved 1048576K
GC Heap History (10 events):
Event: 4.183 GC heap after
{Heap after GC invocations=11 (full 0):
 garbage-first heap   total 92160K, used 15807K [0x00000000c3200000, 0x0000000100000000)
  region size 1024K, 3 young (3072K), 3 survivors (3072K)
 Metaspace       used 26238K, capacity 26891K, committed 27212K, reserved 1073152K
  class space    used 3145K, capacity 3392K, committed 3404K, reserved 1048576K
}
Event: 4.857 GC heap before
{Heap before GC invocations=11 (full 0):
 garbage-first heap   total 92160K, used 60863K [0x00000000c3200000, 0x0000000100000000)
  region size 1024K, 47 young (48128K), 3 survivors (3072K)
 Metaspace       used 29539K, capacity 30342K, committed 30668K, reserved 1075200K
  class space    used 3603K, capacity 3933K, committed 4044K, reserved 1048576K
}
Event: 4.863 GC heap after
{Heap after GC invocations=12 (full 0):
 garbage-first heap   total 92160K, used 17731K [0x00000000c3200000, 0x0000000100000000)
  region size 1024K, 5 young (5120K), 5 survivors (5120K)
 Metaspace       used 29539K, capacity 30342K, committed 30668K, reserved 1075200K
  class space    used 3603K, capacity 3933K, committed 4044K, reserved 1048576K
}
Event: 5.652 GC heap before
{Heap before GC invocations=12 (full 0):
 garbage-first heap   total 92160K, used 55619K [0x00000000c3200000, 0x0000000100000000)
  region size 1024K, 43 young (44032K), 5 survivors (5120K)
 Metaspace       used 34946K, capacity 35913K, committed 36048K, reserved 1081344K
  class space    used 4247K, capacity 4626K, committed 4684K, reserved 1048576K
}
Event: 5.662 GC heap after
{Heap after GC invocations=13 (full 0):
 garbage-first heap   total 92160K, used 20470K [0x00000000c3200000, 0x0000000100000000)
  region size 1024K, 7 young (7168K), 7 survivors (7168K)
 Metaspace       used 34946K, capacity 35913K, committed 36048K, reserved 1081344K
  class space    used 4247K, capacity 4626K, committed 4684K, reserved 1048576K
}
Event: 5.827 GC heap before
{Heap before GC invocations=14 (full 0):
 garbage-first heap   total 92160K, used 67574K [0x00000000c3200000, 0x0000000100000000)
  region size 1024K, 53 young (54272K), 7 survivors (7168K)
 Metaspace       used 36318K, capacity 37280K, committed 37456K, reserved 1081344K
  class space    used 4375K, capacity 4762K, committed 4812K, reserved 1048576K
}
Event: 5.838 GC heap after
{Heap after GC invocations=15 (full 0):
 garbage-first heap   total 92160K, used 21399K [0x00000000c3200000, 0x0000000100000000)
  region size 1024K, 4 young (4096K), 4 survivors (4096K)
 Metaspace       used 36318K, capacity 37280K, committed 37456K, reserved 1081344K
  class space    used 4375K, capacity 4762K, committed 4812K, reserved 1048576K
}
Event: 6.483 GC heap before
{Heap before GC invocations=15 (full 0):
 garbage-first heap   total 92160K, used 73623K [0x00000000c3200000, 0x0000000100000000)
  region size 1024K, 53 young (54272K), 4 survivors (4096K)
 Metaspace       used 40705K, capacity 41697K, committed 41804K, reserved 1085440K
  class space    used 4992K, capacity 5381K, committed 5452K, reserved 1048576K
}
Event: 6.493 GC heap after
{Heap after GC invocations=16 (full 0):
 garbage-first heap   total 92160K, used 22423K [0x00000000c3200000, 0x0000000100000000)
  region size 1024K, 5 young (5120K), 5 survivors (5120K)
 Metaspace       used 40705K, capacity 41697K, committed 41804K, reserved 1085440K
  class space    used 4992K, capacity 5381K, committed 5452K, reserved 1048576K
}
Event: 7.115 GC heap before
{Heap before GC invocations=16 (full 0):
 garbage-first heap   total 92160K, used 60311K [0x00000000c3200000, 0x0000000100000000)
  region size 1024K, 43 young (44032K), 5 survivors (5120K)
 Metaspace       used 47578K, capacity 48645K, committed 48844K, reserved 1097728K
  class space    used 5884K, capacity 6343K, committed 6348K, reserved 1048576K
}

