# JRE version: OpenJDK Runtime Environment JBR-11.0.14.1.1-2043.25-jcef (11.0.14.1+1) (build 11.0.14.1+1-b2043.25)
# Java VM: OpenJDK 64-Bit Server VM JBR-11.0.14.1.1-2043.25-jcef (11.0.14.1+1-b2043.25, mixed mode, tiered, compressed oops, g1 gc, windows-amd64)
Heap:
 garbage-first heap   total 110592K, used 33699K [0x00000000c3200000, 0x0000000100000000)
  region size 1024K, 5 young (5120K), 5 survivors (5120K)
 Metaspace       used 62891K, capacity 64705K, committed 64900K, reserved 1105920K
  class space    used 8223K, capacity 8936K, committed 8960K, reserved 1048576K
GC Heap History (20 events):
Event: 5.106 GC heap after
{Heap after GC invocations=10 (full 0):
 garbage-first heap   total 76800K, used 15589K [0x00000000c3200000, 0x0000000100000000)
  region size 1024K, 2 young (2048K), 2 survivors (2048K)
 Metaspace       used 29211K, capacity 30104K, committed 30256K, reserved 1075200K
  class space    used 3577K, capacity 3911K, committed 3968K, reserved 1048576K
}
Event: 5.501 GC heap before
{Heap before GC invocations=10 (full 0):
 garbage-first heap   total 76800K, used 47333K [0x00000000c3200000, 0x0000000100000000)
  region size 1024K, 33 young (33792K), 2 survivors (2048K)
 Metaspace       used 30239K, capacity 31172K, committed 31408K, reserved 1077248K
  class space    used 3722K, capacity 4068K, committed 4096K, reserved 1048576K
}
Event: 5.510 GC heap after
{Heap after GC invocations=11 (full 0):
 garbage-first heap   total 76800K, used 16831K [0x00000000c3200000, 0x0000000100000000)
  region size 1024K, 4 young (4096K), 4 survivors (4096K)
 Metaspace       used 30239K, capacity 31172K, committed 31408K, reserved 1077248K
  class space    used 3722K, capacity 4068K, committed 4096K, reserved 1048576K
}
Event: 5.998 GC heap before
{Heap before GC invocations=11 (full 0):
 garbage-first heap   total 76800K, used 50623K [0x00000000c3200000, 0x0000000100000000)
  region size 1024K, 37 young (37888K), 4 survivors (4096K)
 Metaspace       used 33254K, capacity 34336K, committed 34480K, reserved 1079296K
  class space    used 4150K, capacity 4567K, committed 4608K, reserved 1048576K
}
Event: 6.005 GC heap after
{Heap after GC invocations=12 (full 0):
 garbage-first heap   total 76800K, used 18432K [0x00000000c3200000, 0x0000000100000000)
  region size 1024K, 4 young (4096K), 4 survivors (4096K)
 Metaspace       used 33254K, capacity 34336K, committed 34480K, reserved 1079296K
  class space    used 4150K, capacity 4567K, committed 4608K, reserved 1048576K
}
Event: 6.174 GC heap before
{Heap before GC invocations=12 (full 0):
 garbage-first heap   total 76800K, used 31744K [0x00000000c3200000, 0x0000000100000000)
  region size 1024K, 18 young (18432K), 4 survivors (4096K)
 Metaspace       used 34729K, capacity 35781K, committed 35888K, reserved 1081344K
  class space    used 4316K, capacity 4717K, committed 4736K, reserved 1048576K
}
Event: 6.185 GC heap after
{Heap after GC invocations=13 (full 0):
 garbage-first heap   total 76800K, used 19361K [0x00000000c3200000, 0x0000000100000000)
  region size 1024K, 4 young (4096K), 4 survivors (4096K)
 Metaspace       used 34729K, capacity 35781K, committed 35888K, reserved 1081344K
  class space    used 4316K, capacity 4717K, committed 4736K, reserved 1048576K
}
Event: 6.722 GC heap before
{Heap before GC invocations=14 (full 0):
 garbage-first heap   total 76800K, used 50081K [0x00000000c3200000, 0x0000000100000000)
  region size 1024K, 34 young (34816K), 4 survivors (4096K)
 Metaspace       used 39052K, capacity 40268K, committed 40348K, reserved 1085440K
  class space    used 4845K, capacity 5321K, committed 5376K, reserved 1048576K
}
Event: 6.736 GC heap after
{Heap after GC invocations=15 (full 0):
 garbage-first heap   total 92160K, used 21450K [0x00000000c3200000, 0x0000000100000000)
  region size 1024K, 5 young (5120K), 5 survivors (5120K)
 Metaspace       used 39052K, capacity 40268K, committed 40348K, reserved 1085440K
  class space    used 4845K, capacity 5321K, committed 5376K, reserved 1048576K
}
Event: 7.275 GC heap before
{Heap before GC invocations=15 (full 0):
 garbage-first heap   total 92160K, used 58314K [0x00000000c3200000, 0x0000000100000000)
  region size 1024K, 41 young (41984K), 5 survivors (5120K)
 Metaspace       used 42152K, capacity 43470K, committed 43676K, reserved 1087488K
  class space    used 5243K, capacity 5769K, committed 5888K, reserved 1048576K
}
Event: 7.292 GC heap after
{Heap after GC invocations=16 (full 0):
 garbage-first heap   total 92160K, used 22667K [0x00000000c3200000, 0x0000000100000000)
  region size 1024K, 4 young (4096K), 4 survivors (4096K)
 Metaspace       used 42152K, capacity 43470K, committed 43676K, reserved 1087488K
  class space    used 5243K, capacity 5769K, committed 5888K, reserved 1048576K
}
Event: 8.231 GC heap before
{Heap before GC invocations=16 (full 0):
 garbage-first heap   total 92160K, used 61579K [0x00000000c3200000, 0x0000000100000000)
  region size 1024K, 42 young (43008K), 4 survivors (4096K)
 Metaspace       used 48666K, capacity 50031K, committed 50204K, reserved 1093632K
  class space    used 6174K, capacity 6708K, committed 6784K, reserved 1048576K
}
Event: 8.238 GC heap after
{Heap after GC invocations=17 (full 0):
 garbage-first heap   total 92160K, used 25250K [0x00000000c3200000, 0x0000000100000000)
  region size 1024K, 4 young (4096K), 4 survivors (4096K)
 Metaspace       used 48666K, capacity 50031K, committed 50204K, reserved 1093632K
  class space    used 6174K, capacity 6708K, committed 6784K, reserved 1048576K
}
Event: 8.988 GC heap before
{Heap before GC invocations=17 (full 0):
 garbage-first heap   total 92160K, used 66210K [0x00000000c3200000, 0x0000000100000000)
  region size 1024K, 44 young (45056K), 4 survivors (4096K)
 Metaspace       used 54515K, capacity 55931K, committed 56220K, reserved 1097728K
  class space    used 7033K, capacity 7602K, committed 7680K, reserved 1048576K
}
Event: 8.995 GC heap after
{Heap after GC invocations=18 (full 0):
 garbage-first heap   total 92160K, used 27185K [0x00000000c3200000, 0x0000000100000000)
  region size 1024K, 5 young (5120K), 5 survivors (5120K)
 Metaspace       used 54515K, capacity 55931K, committed 56220K, reserved 1097728K
  class space    used 7033K, capacity 7602K, committed 7680K, reserved 1048576K
}
Event: 10.008 GC heap before
{Heap before GC invocations=18 (full 0):
 garbage-first heap   total 92160K, used 66097K [0x00000000c3200000, 0x0000000100000000)
  region size 1024K, 44 young (45056K), 5 survivors (5120K)
 Metaspace       used 58746K, capacity 60301K, committed 60420K, reserved 1101824K
  class space    used 7629K, capacity 8248K, committed 8320K, reserved 1048576K
}
Event: 10.018 GC heap after
{Heap after GC invocations=19 (full 0):
 garbage-first heap   total 92160K, used 29332K [0x00000000c3200000, 0x0000000100000000)
  region size 1024K, 4 young (4096K), 4 survivors (4096K)
 Metaspace       used 58746K, capacity 60301K, committed 60420K, reserved 1101824K
  class space    used 7629K, capacity 8248K, committed 8320K, reserved 1048576K
}
Event: 10.390 GC heap before
{Heap before GC invocations=20 (full 0):
 garbage-first heap   total 92160K, used 69268K [0x00000000c3200000, 0x0000000100000000)
  region size 1024K, 43 young (44032K), 4 survivors (4096K)
 Metaspace       used 60529K, capacity 62256K, committed 62468K, reserved 1103872K
  class space    used 7887K, capacity 8548K, committed 8576K, reserved 1048576K
}
Event: 10.400 GC heap after
{Heap after GC invocations=21 (full 0):
 garbage-first heap   total 92160K, used 31261K [0x00000000c3200000, 0x0000000100000000)
  region size 1024K, 4 young (4096K), 4 survivors (4096K)
 Metaspace       used 60529K, capacity 62256K, committed 62468K, reserved 1103872K
  class space    used 7887K, capacity 8548K, committed 8576K, reserved 1048576K
}
Event: 11.317 GC heap before
{Heap before GC invocations=22 (full 0):
 garbage-first heap   total 92160K, used 71197K [0x00000000c3200000, 0x0000000100000000)
  region size 1024K, 43 young (44032K), 4 survivors (4096K)
 Metaspace       used 62891K, capacity 64705K, committed 64900K, reserved 1105920K
  class space    used 8223K, capacity 8936K, committed 8960K, reserved 1048576K
}

